This is pdfTeX, Version 3.14159265-2.6-1.40.20 (MiKTeX 2.9.7200 64-bit) (preloaded format=pdflatex 2019.10.12)  19 JAN 2020 17:04
entering extended mode
**./ProjektSprawozdanie.tex
(ProjektSprawozdanie.tex
LaTeX2e <2019-10-01>
(D:\PROGRAMY\miktex\tex/latex/base\article.cls
Document Class: article 2019/08/27 v1.4j Standard LaTeX document class
(D:\PROGRAMY\miktex\tex/latex/base\size11.clo
File: size11.clo 2019/08/27 v1.4j Standard LaTeX file (size option)
)
\c@part=\count80
\c@section=\count81
\c@subsection=\count82
\c@subsubsection=\count83
\c@paragraph=\count84
\c@subparagraph=\count85
\c@figure=\count86
\c@table=\count87
\abovecaptionskip=\skip41
\belowcaptionskip=\skip42
\bibindent=\dimen102
)
(D:\PROGRAMY\miktex\tex/latex/base\fontenc.sty
Package: fontenc 2018/08/11 v2.0j Standard LaTeX package

(D:\PROGRAMY\miktex\tex/latex/base\t1enc.def
File: t1enc.def 2018/08/11 v2.0j Standard LaTeX file
LaTeX Font Info:    Redeclaring font encoding T1 on input line 48.
))
(D:\PROGRAMY\miktex\tex/generic/babel\babel.sty
Package: babel 2019/09/27 3.34 The Babel package

(D:\PROGRAMY\miktex\tex/generic/babel\switch.def
File: switch.def 2019/09/27 3.34 Babel switching mechanism
)
*************************************
* Local config file bblopts.cfg used
*
(D:\PROGRAMY\miktex\tex/latex/arabi\bblopts.cfg
File: bblopts.cfg 2005/09/08 v0.1 add Arabic and Farsi to "declared" options of
 babel
)
(D:\PROGRAMY\miktex\tex/latex/babel-polish\polish.ldf
Language: polish 2005/03/31 v1.2l Polish support from the babel system

(D:\PROGRAMY\miktex\tex/generic/babel\babel.def
File: babel.def 2019/09/27 3.34 Babel common definitions
\babel@savecnt=\count88
\U@D=\dimen103

(D:\PROGRAMY\miktex\tex/generic/babel\txtbabel.def)
\bbl@dirlevel=\count89
)
Package babel Info: Making " an active character on input line 83.
\pl@left=\dimen104
\pl@down=\dimen105
\pl@right=\dimen106
\pl@temp=\dimen107
))
(D:\PROGRAMY\miktex\tex/latex/base\inputenc.sty
Package: inputenc 2018/08/11 v1.3c Input encoding file
\inpenc@prehook=\toks14
\inpenc@posthook=\toks15
)
(D:\PROGRAMY\miktex\tex/latex/lm\lmodern.sty
Package: lmodern 2009/10/30 v1.6 Latin Modern Fonts
LaTeX Font Info:    Overwriting symbol font `operators' in version `normal'
(Font)                  OT1/cmr/m/n --> OT1/lmr/m/n on input line 22.
LaTeX Font Info:    Overwriting symbol font `letters' in version `normal'
(Font)                  OML/cmm/m/it --> OML/lmm/m/it on input line 23.
LaTeX Font Info:    Overwriting symbol font `symbols' in version `normal'
(Font)                  OMS/cmsy/m/n --> OMS/lmsy/m/n on input line 24.
LaTeX Font Info:    Overwriting symbol font `largesymbols' in version `normal'
(Font)                  OMX/cmex/m/n --> OMX/lmex/m/n on input line 25.
LaTeX Font Info:    Overwriting symbol font `operators' in version `bold'
(Font)                  OT1/cmr/bx/n --> OT1/lmr/bx/n on input line 26.
LaTeX Font Info:    Overwriting symbol font `letters' in version `bold'
(Font)                  OML/cmm/b/it --> OML/lmm/b/it on input line 27.
LaTeX Font Info:    Overwriting symbol font `symbols' in version `bold'
(Font)                  OMS/cmsy/b/n --> OMS/lmsy/b/n on input line 28.
LaTeX Font Info:    Overwriting symbol font `largesymbols' in version `bold'
(Font)                  OMX/cmex/m/n --> OMX/lmex/m/n on input line 29.
LaTeX Font Info:    Overwriting math alphabet `\mathbf' in version `normal'
(Font)                  OT1/cmr/bx/n --> OT1/lmr/bx/n on input line 31.
LaTeX Font Info:    Overwriting math alphabet `\mathsf' in version `normal'
(Font)                  OT1/cmss/m/n --> OT1/lmss/m/n on input line 32.
LaTeX Font Info:    Overwriting math alphabet `\mathit' in version `normal'
(Font)                  OT1/cmr/m/it --> OT1/lmr/m/it on input line 33.
LaTeX Font Info:    Overwriting math alphabet `\mathtt' in version `normal'
(Font)                  OT1/cmtt/m/n --> OT1/lmtt/m/n on input line 34.
LaTeX Font Info:    Overwriting math alphabet `\mathbf' in version `bold'
(Font)                  OT1/cmr/bx/n --> OT1/lmr/bx/n on input line 35.
LaTeX Font Info:    Overwriting math alphabet `\mathsf' in version `bold'
(Font)                  OT1/cmss/bx/n --> OT1/lmss/bx/n on input line 36.
LaTeX Font Info:    Overwriting math alphabet `\mathit' in version `bold'
(Font)                  OT1/cmr/bx/it --> OT1/lmr/bx/it on input line 37.
LaTeX Font Info:    Overwriting math alphabet `\mathtt' in version `bold'
(Font)                  OT1/cmtt/m/n --> OT1/lmtt/m/n on input line 38.
)
(D:\PROGRAMY\miktex\tex/latex/pgfplots\pgfplots.sty
(D:\PROGRAMY\miktex\tex/generic/pgfplots\pgfplots.revision.tex)
Package: pgfplots 2018/03/28 v1.16 Data Visualization (1.16)

(D:\PROGRAMY\miktex\tex/latex/graphics\graphicx.sty
Package: graphicx 2017/06/01 v1.1a Enhanced LaTeX Graphics (DPC,SPQR)

(D:\PROGRAMY\miktex\tex/latex/graphics\keyval.sty
Package: keyval 2014/10/28 v1.15 key=value parser (DPC)
\KV@toks@=\toks16
)
(D:\PROGRAMY\miktex\tex/latex/graphics\graphics.sty
Package: graphics 2019/07/20 v1.3b Standard LaTeX Graphics (DPC,SPQR)

(D:\PROGRAMY\miktex\tex/latex/graphics\trig.sty
Package: trig 2016/01/03 v1.10 sin cos tan (DPC)
)
(D:\PROGRAMY\miktex\tex/latex/graphics-cfg\graphics.cfg
File: graphics.cfg 2016/06/04 v1.11 sample graphics configuration
)
Package graphics Info: Driver file: pdftex.def on input line 105.

(D:\PROGRAMY\miktex\tex/latex/graphics-def\pdftex.def
File: pdftex.def 2018/01/08 v1.0l Graphics/color driver for pdftex
))
\Gin@req@height=\dimen108
\Gin@req@width=\dimen109
)
(D:\PROGRAMY\miktex\tex/latex/pgf/frontendlayer\tikz.sty
(D:\PROGRAMY\miktex\tex/latex/pgf/basiclayer\pgf.sty
(D:\PROGRAMY\miktex\tex/latex/pgf/utilities\pgfrcs.sty
(D:\PROGRAMY\miktex\tex/generic/pgf/utilities\pgfutil-common.tex
\pgfutil@everybye=\toks17
\pgfutil@tempdima=\dimen110
\pgfutil@tempdimb=\dimen111

(D:\PROGRAMY\miktex\tex/generic/pgf/utilities\pgfutil-common-lists.tex))
(D:\PROGRAMY\miktex\tex/generic/pgf/utilities\pgfutil-latex.def
\pgfutil@abb=\box27

(D:\PROGRAMY\miktex\tex/latex/ms\everyshi.sty
Package: everyshi 2001/05/15 v3.00 EveryShipout Package (MS)
))
(D:\PROGRAMY\miktex\tex/generic/pgf/utilities\pgfrcs.code.tex
(D:\PROGRAMY\miktex\tex/generic/pgf\pgf.revision.tex)
Package: pgfrcs 2019/08/03 v3.1.4b (3.1.4b)
))
Package: pgf 2019/08/03 v3.1.4b (3.1.4b)

(D:\PROGRAMY\miktex\tex/latex/pgf/basiclayer\pgfcore.sty
(D:\PROGRAMY\miktex\tex/latex/pgf/systemlayer\pgfsys.sty
(D:\PROGRAMY\miktex\tex/generic/pgf/systemlayer\pgfsys.code.tex
Package: pgfsys 2019/08/03 v3.1.4b (3.1.4b)

(D:\PROGRAMY\miktex\tex/generic/pgf/utilities\pgfkeys.code.tex
\pgfkeys@pathtoks=\toks18
\pgfkeys@temptoks=\toks19

(D:\PROGRAMY\miktex\tex/generic/pgf/utilities\pgfkeysfiltered.code.tex
\pgfkeys@tmptoks=\toks20
))
\pgf@x=\dimen112
\pgf@y=\dimen113
\pgf@xa=\dimen114
\pgf@ya=\dimen115
\pgf@xb=\dimen116
\pgf@yb=\dimen117
\pgf@xc=\dimen118
\pgf@yc=\dimen119
\pgf@xd=\dimen120
\pgf@yd=\dimen121
\w@pgf@writea=\write3
\r@pgf@reada=\read1
\c@pgf@counta=\count90
\c@pgf@countb=\count91
\c@pgf@countc=\count92
\c@pgf@countd=\count93
\t@pgf@toka=\toks21
\t@pgf@tokb=\toks22
\t@pgf@tokc=\toks23
\pgf@sys@id@count=\count94

(D:\PROGRAMY\miktex\tex/generic/pgf/systemlayer\pgf.cfg
File: pgf.cfg 2019/08/03 v3.1.4b (3.1.4b)
)
Driver file for pgf: pgfsys-pdftex.def

(D:\PROGRAMY\miktex\tex/generic/pgf/systemlayer\pgfsys-pdftex.def
File: pgfsys-pdftex.def 2019/08/03 v3.1.4b (3.1.4b)

(D:\PROGRAMY\miktex\tex/generic/pgf/systemlayer\pgfsys-common-pdf.def
File: pgfsys-common-pdf.def 2019/08/03 v3.1.4b (3.1.4b)
)))
(D:\PROGRAMY\miktex\tex/generic/pgf/systemlayer\pgfsyssoftpath.code.tex
File: pgfsyssoftpath.code.tex 2019/08/03 v3.1.4b (3.1.4b)
\pgfsyssoftpath@smallbuffer@items=\count95
\pgfsyssoftpath@bigbuffer@items=\count96
)
(D:\PROGRAMY\miktex\tex/generic/pgf/systemlayer\pgfsysprotocol.code.tex
File: pgfsysprotocol.code.tex 2019/08/03 v3.1.4b (3.1.4b)
))
(D:\PROGRAMY\miktex\tex/latex/xcolor\xcolor.sty
Package: xcolor 2016/05/11 v2.12 LaTeX color extensions (UK)

(D:\PROGRAMY\miktex\tex/latex/graphics-cfg\color.cfg
File: color.cfg 2016/01/02 v1.6 sample color configuration
)
Package xcolor Info: Driver file: pdftex.def on input line 225.
Package xcolor Info: Model `cmy' substituted by `cmy0' on input line 1348.
Package xcolor Info: Model `hsb' substituted by `rgb' on input line 1352.
Package xcolor Info: Model `RGB' extended on input line 1364.
Package xcolor Info: Model `HTML' substituted by `rgb' on input line 1366.
Package xcolor Info: Model `Hsb' substituted by `hsb' on input line 1367.
Package xcolor Info: Model `tHsb' substituted by `hsb' on input line 1368.
Package xcolor Info: Model `HSB' substituted by `hsb' on input line 1369.
Package xcolor Info: Model `Gray' substituted by `gray' on input line 1370.
Package xcolor Info: Model `wave' substituted by `hsb' on input line 1371.
)
(D:\PROGRAMY\miktex\tex/generic/pgf/basiclayer\pgfcore.code.tex
Package: pgfcore 2019/08/03 v3.1.4b (3.1.4b)

(D:\PROGRAMY\miktex\tex/generic/pgf/math\pgfmath.code.tex
(D:\PROGRAMY\miktex\tex/generic/pgf/math\pgfmathcalc.code.tex
(D:\PROGRAMY\miktex\tex/generic/pgf/math\pgfmathutil.code.tex)
(D:\PROGRAMY\miktex\tex/generic/pgf/math\pgfmathparser.code.tex
\pgfmath@dimen=\dimen122
\pgfmath@count=\count97
\pgfmath@box=\box28
\pgfmath@toks=\toks24
\pgfmath@stack@operand=\toks25
\pgfmath@stack@operation=\toks26
)
(D:\PROGRAMY\miktex\tex/generic/pgf/math\pgfmathfunctions.code.tex
(D:\PROGRAMY\miktex\tex/generic/pgf/math\pgfmathfunctions.basic.code.tex)
(D:\PROGRAMY\miktex\tex/generic/pgf/math\pgfmathfunctions.trigonometric.code.te
x) (D:\PROGRAMY\miktex\tex/generic/pgf/math\pgfmathfunctions.random.code.tex)
(D:\PROGRAMY\miktex\tex/generic/pgf/math\pgfmathfunctions.comparison.code.tex)
(D:\PROGRAMY\miktex\tex/generic/pgf/math\pgfmathfunctions.base.code.tex)
(D:\PROGRAMY\miktex\tex/generic/pgf/math\pgfmathfunctions.round.code.tex)
(D:\PROGRAMY\miktex\tex/generic/pgf/math\pgfmathfunctions.misc.code.tex)
(D:\PROGRAMY\miktex\tex/generic/pgf/math\pgfmathfunctions.integerarithmetics.co
de.tex))) (D:\PROGRAMY\miktex\tex/generic/pgf/math\pgfmathfloat.code.tex
\c@pgfmathroundto@lastzeros=\count98
))
(D:\PROGRAMY\miktex\tex/generic/pgf/math\pgfint.code.tex)
(D:\PROGRAMY\miktex\tex/generic/pgf/basiclayer\pgfcorepoints.code.tex
File: pgfcorepoints.code.tex 2019/08/03 v3.1.4b (3.1.4b)
\pgf@picminx=\dimen123
\pgf@picmaxx=\dimen124
\pgf@picminy=\dimen125
\pgf@picmaxy=\dimen126
\pgf@pathminx=\dimen127
\pgf@pathmaxx=\dimen128
\pgf@pathminy=\dimen129
\pgf@pathmaxy=\dimen130
\pgf@xx=\dimen131
\pgf@xy=\dimen132
\pgf@yx=\dimen133
\pgf@yy=\dimen134
\pgf@zx=\dimen135
\pgf@zy=\dimen136
)
(D:\PROGRAMY\miktex\tex/generic/pgf/basiclayer\pgfcorepathconstruct.code.tex
File: pgfcorepathconstruct.code.tex 2019/08/03 v3.1.4b (3.1.4b)
\pgf@path@lastx=\dimen137
\pgf@path@lasty=\dimen138
)
(D:\PROGRAMY\miktex\tex/generic/pgf/basiclayer\pgfcorepathusage.code.tex
File: pgfcorepathusage.code.tex 2019/08/03 v3.1.4b (3.1.4b)
\pgf@shorten@end@additional=\dimen139
\pgf@shorten@start@additional=\dimen140
)
(D:\PROGRAMY\miktex\tex/generic/pgf/basiclayer\pgfcorescopes.code.tex
File: pgfcorescopes.code.tex 2019/08/03 v3.1.4b (3.1.4b)
\pgfpic=\box29
\pgf@hbox=\box30
\pgf@layerbox@main=\box31
\pgf@picture@serial@count=\count99
)
(D:\PROGRAMY\miktex\tex/generic/pgf/basiclayer\pgfcoregraphicstate.code.tex
File: pgfcoregraphicstate.code.tex 2019/08/03 v3.1.4b (3.1.4b)
\pgflinewidth=\dimen141
)
(D:\PROGRAMY\miktex\tex/generic/pgf/basiclayer\pgfcoretransformations.code.tex
File: pgfcoretransformations.code.tex 2019/08/03 v3.1.4b (3.1.4b)
\pgf@pt@x=\dimen142
\pgf@pt@y=\dimen143
\pgf@pt@temp=\dimen144
) (D:\PROGRAMY\miktex\tex/generic/pgf/basiclayer\pgfcorequick.code.tex
File: pgfcorequick.code.tex 2019/08/03 v3.1.4b (3.1.4b)
)
(D:\PROGRAMY\miktex\tex/generic/pgf/basiclayer\pgfcoreobjects.code.tex
File: pgfcoreobjects.code.tex 2019/08/03 v3.1.4b (3.1.4b)
)
(D:\PROGRAMY\miktex\tex/generic/pgf/basiclayer\pgfcorepathprocessing.code.tex
File: pgfcorepathprocessing.code.tex 2019/08/03 v3.1.4b (3.1.4b)
)
(D:\PROGRAMY\miktex\tex/generic/pgf/basiclayer\pgfcorearrows.code.tex
File: pgfcorearrows.code.tex 2019/08/03 v3.1.4b (3.1.4b)
\pgfarrowsep=\dimen145
)
(D:\PROGRAMY\miktex\tex/generic/pgf/basiclayer\pgfcoreshade.code.tex
File: pgfcoreshade.code.tex 2019/08/03 v3.1.4b (3.1.4b)
\pgf@max=\dimen146
\pgf@sys@shading@range@num=\count100
\pgf@shadingcount=\count101
)
(D:\PROGRAMY\miktex\tex/generic/pgf/basiclayer\pgfcoreimage.code.tex
File: pgfcoreimage.code.tex 2019/08/03 v3.1.4b (3.1.4b)

(D:\PROGRAMY\miktex\tex/generic/pgf/basiclayer\pgfcoreexternal.code.tex
File: pgfcoreexternal.code.tex 2019/08/03 v3.1.4b (3.1.4b)
\pgfexternal@startupbox=\box32
))
(D:\PROGRAMY\miktex\tex/generic/pgf/basiclayer\pgfcorelayers.code.tex
File: pgfcorelayers.code.tex 2019/08/03 v3.1.4b (3.1.4b)
)
(D:\PROGRAMY\miktex\tex/generic/pgf/basiclayer\pgfcoretransparency.code.tex
File: pgfcoretransparency.code.tex 2019/08/03 v3.1.4b (3.1.4b)
)
(D:\PROGRAMY\miktex\tex/generic/pgf/basiclayer\pgfcorepatterns.code.tex
File: pgfcorepatterns.code.tex 2019/08/03 v3.1.4b (3.1.4b)
)
(D:\PROGRAMY\miktex\tex/generic/pgf/basiclayer\pgfcorerdf.code.tex
File: pgfcorerdf.code.tex 2019/08/03 v3.1.4b (3.1.4b)
)))
(D:\PROGRAMY\miktex\tex/generic/pgf/modules\pgfmoduleshapes.code.tex
File: pgfmoduleshapes.code.tex 2019/08/03 v3.1.4b (3.1.4b)
\pgfnodeparttextbox=\box33
)
(D:\PROGRAMY\miktex\tex/generic/pgf/modules\pgfmoduleplot.code.tex
File: pgfmoduleplot.code.tex 2019/08/03 v3.1.4b (3.1.4b)
)
(D:\PROGRAMY\miktex\tex/latex/pgf/compatibility\pgfcomp-version-0-65.sty
Package: pgfcomp-version-0-65 2019/08/03 v3.1.4b (3.1.4b)
\pgf@nodesepstart=\dimen147
\pgf@nodesepend=\dimen148
)
(D:\PROGRAMY\miktex\tex/latex/pgf/compatibility\pgfcomp-version-1-18.sty
Package: pgfcomp-version-1-18 2019/08/03 v3.1.4b (3.1.4b)
))
(D:\PROGRAMY\miktex\tex/latex/pgf/utilities\pgffor.sty
(D:\PROGRAMY\miktex\tex/latex/pgf/utilities\pgfkeys.sty
(D:\PROGRAMY\miktex\tex/generic/pgf/utilities\pgfkeys.code.tex))
(D:\PROGRAMY\miktex\tex/latex/pgf/math\pgfmath.sty
(D:\PROGRAMY\miktex\tex/generic/pgf/math\pgfmath.code.tex))
(D:\PROGRAMY\miktex\tex/generic/pgf/utilities\pgffor.code.tex
Package: pgffor 2019/08/03 v3.1.4b (3.1.4b)

(D:\PROGRAMY\miktex\tex/generic/pgf/math\pgfmath.code.tex)
\pgffor@iter=\dimen149
\pgffor@skip=\dimen150
\pgffor@stack=\toks27
\pgffor@toks=\toks28
))
(D:\PROGRAMY\miktex\tex/generic/pgf/frontendlayer/tikz\tikz.code.tex
Package: tikz 2019/08/03 v3.1.4b (3.1.4b)

(D:\PROGRAMY\miktex\tex/generic/pgf/libraries\pgflibraryplothandlers.code.tex
File: pgflibraryplothandlers.code.tex 2019/08/03 v3.1.4b (3.1.4b)
\pgf@plot@mark@count=\count102
\pgfplotmarksize=\dimen151
)
\tikz@lastx=\dimen152
\tikz@lasty=\dimen153
\tikz@lastxsaved=\dimen154
\tikz@lastysaved=\dimen155
\tikz@lastmovetox=\dimen156
\tikz@lastmovetoy=\dimen157
\tikzleveldistance=\dimen158
\tikzsiblingdistance=\dimen159
\tikz@figbox=\box34
\tikz@figbox@bg=\box35
\tikz@tempbox=\box36
\tikz@tempbox@bg=\box37
\tikztreelevel=\count103
\tikznumberofchildren=\count104
\tikznumberofcurrentchild=\count105
\tikz@fig@count=\count106

(D:\PROGRAMY\miktex\tex/generic/pgf/modules\pgfmodulematrix.code.tex
File: pgfmodulematrix.code.tex 2019/08/03 v3.1.4b (3.1.4b)
\pgfmatrixcurrentrow=\count107
\pgfmatrixcurrentcolumn=\count108
\pgf@matrix@numberofcolumns=\count109
)
\tikz@expandcount=\count110

(D:\PROGRAMY\miktex\tex/generic/pgf/frontendlayer/tikz/libraries\tikzlibrarytop
aths.code.tex
File: tikzlibrarytopaths.code.tex 2019/08/03 v3.1.4b (3.1.4b)
))) (D:\PROGRAMY\miktex\tex/generic/pgfplots\pgfplots.code.tex
(D:\PROGRAMY\miktex\tex/generic/pgfplots\pgfplotscore.code.tex
\t@pgfplots@toka=\toks29
\t@pgfplots@tokb=\toks30
\t@pgfplots@tokc=\toks31
\pgfplots@tmpa=\dimen160
\c@pgfplots@coordindex=\count111
\c@pgfplots@scanlineindex=\count112

(D:\PROGRAMY\miktex\tex/generic/pgfplots/sys\pgfplotssysgeneric.code.tex))
(D:\PROGRAMY\miktex\tex/generic/pgfplots/libs\pgfplotslibrary.code.tex)
(D:\PROGRAMY\miktex\tex/generic/pgfplots/oldpgfcompatib\pgfplotsoldpgfsupp_load
er.code.tex
(D:\PROGRAMY\miktex\tex/generic/pgf/libraries\pgflibraryfpu.code.tex))
(D:\PROGRAMY\miktex\tex/generic/pgfplots/util\pgfplotsutil.code.tex
(D:\PROGRAMY\miktex\tex/generic/pgfplots/liststructure\pgfplotsliststructure.co
de.tex)
(D:\PROGRAMY\miktex\tex/generic/pgfplots/liststructure\pgfplotsliststructureext
.code.tex)
(D:\PROGRAMY\miktex\tex/generic/pgfplots/liststructure\pgfplotsarray.code.tex
\c@pgfplotsarray@tmp=\count113
)
(D:\PROGRAMY\miktex\tex/generic/pgfplots/liststructure\pgfplotsmatrix.code.tex)
(D:\PROGRAMY\miktex\tex/generic/pgfplots/numtable\pgfplotstableshared.code.tex
\c@pgfplotstable@counta=\count114
\t@pgfplotstable@a=\toks32
) (D:\PROGRAMY\miktex\tex/generic/pgfplots/liststructure\pgfplotsdeque.code.tex
) (D:\PROGRAMY\miktex\tex/generic/pgfplots/util\pgfplotsbinary.code.tex
(D:\PROGRAMY\miktex\tex/generic/pgfplots/util\pgfplotsbinary.data.code.tex))
(D:\PROGRAMY\miktex\tex/generic/pgfplots/util\pgfplotsutil.verb.code.tex)
(D:\PROGRAMY\miktex\tex/generic/pgfplots/libs\pgflibrarypgfplots.surfshading.co
de.tex
\c@pgfplotslibrarysurf@no=\count115

(D:\PROGRAMY\miktex\tex/generic/pgfplots/sys\pgflibrarypgfplots.surfshading.pgf
sys-pdftex.def)))
(D:\PROGRAMY\miktex\tex/generic/pgfplots/util\pgfplotscolormap.code.tex
(D:\PROGRAMY\miktex\tex/generic/pgfplots/util\pgfplotscolor.code.tex))
(D:\PROGRAMY\miktex\tex/generic/pgfplots\pgfplotsstackedplots.code.tex)
(D:\PROGRAMY\miktex\tex/generic/pgfplots\pgfplotsplothandlers.code.tex
(D:\PROGRAMY\miktex\tex/generic/pgfplots\pgfplotsmeshplothandler.code.tex
(D:\PROGRAMY\miktex\tex/generic/pgfplots\pgfplotsmeshplotimage.code.tex)))
(D:\PROGRAMY\miktex\tex/generic/pgfplots\pgfplots.scaling.code.tex)
(D:\PROGRAMY\miktex\tex/generic/pgfplots\pgfplotscoordprocessing.code.tex)
(D:\PROGRAMY\miktex\tex/generic/pgfplots\pgfplots.errorbars.code.tex)
(D:\PROGRAMY\miktex\tex/generic/pgfplots\pgfplots.markers.code.tex)
(D:\PROGRAMY\miktex\tex/generic/pgfplots\pgfplotsticks.code.tex)
(D:\PROGRAMY\miktex\tex/generic/pgfplots\pgfplots.paths.code.tex)
(D:\PROGRAMY\miktex\tex/generic/pgf/frontendlayer/tikz/libraries\tikzlibrarydec
orations.code.tex
(D:\PROGRAMY\miktex\tex/generic/pgf/modules\pgfmoduledecorations.code.tex
\pgfdecoratedcompleteddistance=\dimen161
\pgfdecoratedremainingdistance=\dimen162
\pgfdecoratedinputsegmentcompleteddistance=\dimen163
\pgfdecoratedinputsegmentremainingdistance=\dimen164
\pgf@decorate@distancetomove=\dimen165
\pgf@decorate@repeatstate=\count116
\pgfdecorationsegmentamplitude=\dimen166
\pgfdecorationsegmentlength=\dimen167
)
\tikz@lib@dec@box=\box38
)
(D:\PROGRAMY\miktex\tex/generic/pgf/frontendlayer/tikz/libraries\tikzlibrarydec
orations.pathmorphing.code.tex
(D:\PROGRAMY\miktex\tex/generic/pgf/libraries/decorations\pgflibrarydecorations
.pathmorphing.code.tex))
(D:\PROGRAMY\miktex\tex/generic/pgf/frontendlayer/tikz/libraries\tikzlibrarydec
orations.pathreplacing.code.tex
(D:\PROGRAMY\miktex\tex/generic/pgf/libraries/decorations\pgflibrarydecorations
.pathreplacing.code.tex))
\pgfplots@numplots=\count117
\pgfplots@xmin@reg=\dimen168
\pgfplots@xmax@reg=\dimen169
\pgfplots@ymin@reg=\dimen170
\pgfplots@ymax@reg=\dimen171
\pgfplots@zmin@reg=\dimen172
\pgfplots@zmax@reg=\dimen173
)
(D:\PROGRAMY\miktex\tex/generic/pgf/frontendlayer/tikz/libraries\tikzlibraryplo
tmarks.code.tex
File: tikzlibraryplotmarks.code.tex 2019/08/03 v3.1.4b (3.1.4b)

(D:\PROGRAMY\miktex\tex/generic/pgf/libraries\pgflibraryplotmarks.code.tex
File: pgflibraryplotmarks.code.tex 2019/08/03 v3.1.4b (3.1.4b)
)))
(D:\PROGRAMY\miktex\tex/latex/geometry\geometry.sty
Package: geometry 2018/04/16 v5.8 Page Geometry

(D:\PROGRAMY\miktex\tex/generic/oberdiek\ifpdf.sty
Package: ifpdf 2018/09/07 v3.3 Provides the ifpdf switch
)
(D:\PROGRAMY\miktex\tex/generic/oberdiek\ifvtex.sty
Package: ifvtex 2016/05/16 v1.6 Detect VTeX and its facilities (HO)
Package ifvtex Info: VTeX not detected.
)
(D:\PROGRAMY\miktex\tex/generic/ifxetex\ifxetex.sty
Package: ifxetex 2010/09/12 v0.6 Provides ifxetex conditional
)
\Gm@cnth=\count118
\Gm@cntv=\count119
\c@Gm@tempcnt=\count120
\Gm@bindingoffset=\dimen174
\Gm@wd@mp=\dimen175
\Gm@odd@mp=\dimen176
\Gm@even@mp=\dimen177
\Gm@layoutwidth=\dimen178
\Gm@layoutheight=\dimen179
\Gm@layouthoffset=\dimen180
\Gm@layoutvoffset=\dimen181
\Gm@dimlist=\toks33

(D:\PROGRAMY\miktex\tex/latex/geometry\geometry.cfg))
(D:\PROGRAMY\miktex\tex/latex/listings\listings.sty
\lst@mode=\count121
\lst@gtempboxa=\box39
\lst@token=\toks34
\lst@length=\count122
\lst@currlwidth=\dimen182
\lst@column=\count123
\lst@pos=\count124
\lst@lostspace=\dimen183
\lst@width=\dimen184
\lst@newlines=\count125
\lst@lineno=\count126
\lst@maxwidth=\dimen185

(D:\PROGRAMY\miktex\tex/latex/listings\lstmisc.sty
File: lstmisc.sty 2019/09/10 1.8c (Carsten Heinz)
\c@lstnumber=\count127
\lst@skipnumbers=\count128
\lst@framebox=\box40
)
(D:\PROGRAMY\miktex\tex/latex/listings\listings.cfg
File: listings.cfg 2019/09/10 1.8c listings configuration
))
Package: listings 2019/09/10 1.8c (Carsten Heinz)
*geometry* verbose mode - [ newgeometry ] result:
* driver: 
* paper: a4paper
* layout: <same size as paper>
* layoutoffset:(h,v)=(0.0pt,0.0pt)
* modes: 
* h-part:(L,W,R)=(71.13188pt, 455.24411pt, 71.13188pt)
* v-part:(T,H,B)=(85.35826pt, 674.33032pt, 85.35826pt)
* \paperwidth=597.50787pt
* \paperheight=845.04684pt
* \textwidth=455.24411pt
* \textheight=674.33032pt
* \oddsidemargin=-1.1381pt
* \evensidemargin=-1.1381pt
* \topmargin=-23.91173pt
* \headheight=12.0pt
* \headsep=25.0pt
* \topskip=11.0pt
* \footskip=30.0pt
* \marginparwidth=50.0pt
* \marginparsep=10.0pt
* \columnsep=10.0pt
* \skip\footins=10.0pt plus 4.0pt minus 2.0pt
* \hoffset=0.0pt
* \voffset=0.0pt
* \mag=1000
* \@twocolumnfalse
* \@twosidefalse
* \@mparswitchfalse
* \@reversemarginfalse
* (1in=72.27pt=25.4mm, 1cm=28.453pt)

 (ProjektSprawozdanie.aux)
\openout1 = `ProjektSprawozdanie.aux'.

LaTeX Font Info:    Checking defaults for OML/cmm/m/it on input line 25.
LaTeX Font Info:    ... okay on input line 25.
LaTeX Font Info:    Checking defaults for T1/cmr/m/n on input line 25.
LaTeX Font Info:    ... okay on input line 25.
LaTeX Font Info:    Checking defaults for OT1/cmr/m/n on input line 25.
LaTeX Font Info:    ... okay on input line 25.
LaTeX Font Info:    Checking defaults for OMS/cmsy/m/n on input line 25.
LaTeX Font Info:    ... okay on input line 25.
LaTeX Font Info:    Checking defaults for OMX/cmex/m/n on input line 25.
LaTeX Font Info:    ... okay on input line 25.
LaTeX Font Info:    Checking defaults for U/cmr/m/n on input line 25.
LaTeX Font Info:    ... okay on input line 25.
LaTeX Font Info:    Trying to load font information for T1+lmr on input line 25
.
(D:\PROGRAMY\miktex\tex/latex/lm\t1lmr.fd
File: t1lmr.fd 2009/10/30 v1.6 Font defs for Latin Modern
)
(D:\PROGRAMY\miktex\tex/context/base/mkii\supp-pdf.mkii
[Loading MPS to PDF converter (version 2006.09.02).]
\scratchcounter=\count129
\scratchdimen=\dimen186
\scratchbox=\box41
\nofMPsegments=\count130
\nofMParguments=\count131
\everyMPshowfont=\toks35
\MPscratchCnt=\count132
\MPscratchDim=\dimen187
\MPnumerator=\count133
\makeMPintoPDFobject=\count134
\everyMPtoPDFconversion=\toks36
) (D:\PROGRAMY\miktex\tex/latex/oberdiek\epstopdf-base.sty
Package: epstopdf-base 2016/05/15 v2.6 Base part for package epstopdf

(D:\PROGRAMY\miktex\tex/generic/oberdiek\infwarerr.sty
Package: infwarerr 2016/05/16 v1.4 Providing info/warning/error messages (HO)
)
(D:\PROGRAMY\miktex\tex/latex/oberdiek\grfext.sty
Package: grfext 2016/05/16 v1.2 Manage graphics extensions (HO)

(D:\PROGRAMY\miktex\tex/generic/oberdiek\kvdefinekeys.sty
Package: kvdefinekeys 2016/05/16 v1.4 Define keys (HO)

(D:\PROGRAMY\miktex\tex/generic/oberdiek\ltxcmds.sty
Package: ltxcmds 2016/05/16 v1.23 LaTeX kernel commands for general use (HO)
)))
(D:\PROGRAMY\miktex\tex/latex/oberdiek\kvoptions.sty
Package: kvoptions 2016/05/16 v3.12 Key value format for package options (HO)

(D:\PROGRAMY\miktex\tex/generic/oberdiek\kvsetkeys.sty
Package: kvsetkeys 2016/05/16 v1.17 Key value parser (HO)

(D:\PROGRAMY\miktex\tex/generic/oberdiek\etexcmds.sty
Package: etexcmds 2016/05/16 v1.6 Avoid name clashes with e-TeX commands (HO)

(D:\PROGRAMY\miktex\tex/generic/oberdiek\ifluatex.sty
Package: ifluatex 2016/05/16 v1.4 Provides the ifluatex switch (HO)
Package ifluatex Info: LuaTeX not detected.
))))
(D:\PROGRAMY\miktex\tex/generic/oberdiek\pdftexcmds.sty
Package: pdftexcmds 2019/07/25 v0.30 Utility functions of pdfTeX for LuaTeX (HO
)
Package pdftexcmds Info: LuaTeX not detected.
Package pdftexcmds Info: \pdf@primitive is available.
Package pdftexcmds Info: \pdf@ifprimitive is available.
Package pdftexcmds Info: \pdfdraftmode found.
)
Package epstopdf-base Info: Redefining graphics rule for `.eps' on input line 4
38.
Package grfext Info: Graphics extension search list:
(grfext)             [.pdf,.png,.jpg,.mps,.jpeg,.jbig2,.jb2,.PDF,.PNG,.JPG,.JPE
G,.JBIG2,.JB2,.eps]
(grfext)             \AppendGraphicsExtensions on input line 456.
)
ABD: EveryShipout initializing macros

Package pgfplots Warning: running in backwards compatibility mode (unsuitable t
ick labels; missing features). Consider writing \pgfplotsset{compat=1.16} into 
your preamble.
 on input line 25.

*geometry* driver: auto-detecting
*geometry* detected driver: pdftex
*geometry* verbose mode - [ preamble ] result:
* driver: pdftex
* paper: a4paper
* layout: <same size as paper>
* layoutoffset:(h,v)=(0.0pt,0.0pt)
* modes: 
* h-part:(L,W,R)=(71.13188pt, 455.24411pt, 71.13188pt)
* v-part:(T,H,B)=(85.35826pt, 674.33032pt, 85.35826pt)
* \paperwidth=597.50787pt
* \paperheight=845.04684pt
* \textwidth=455.24411pt
* \textheight=674.33032pt
* \oddsidemargin=-1.1381pt
* \evensidemargin=-1.1381pt
* \topmargin=-23.91173pt
* \headheight=12.0pt
* \headsep=25.0pt
* \topskip=11.0pt
* \footskip=30.0pt
* \marginparwidth=50.0pt
* \marginparsep=10.0pt
* \columnsep=10.0pt
* \skip\footins=10.0pt plus 4.0pt minus 2.0pt
* \hoffset=0.0pt
* \voffset=0.0pt
* \mag=1000
* \@twocolumnfalse
* \@twosidefalse
* \@mparswitchfalse
* \@reversemarginfalse
* (1in=72.27pt=25.4mm, 1cm=28.453pt)

\c@lstlisting=\count135
LaTeX Font Info:    Trying to load font information for OT1+lmr on input line 2
7.
(D:\PROGRAMY\miktex\tex/latex/lm\ot1lmr.fd
File: ot1lmr.fd 2009/10/30 v1.6 Font defs for Latin Modern
)
LaTeX Font Info:    Trying to load font information for OML+lmm on input line 2
7.

(D:\PROGRAMY\miktex\tex/latex/lm\omllmm.fd
File: omllmm.fd 2009/10/30 v1.6 Font defs for Latin Modern
)
LaTeX Font Info:    Trying to load font information for OMS+lmsy on input line 
27.

(D:\PROGRAMY\miktex\tex/latex/lm\omslmsy.fd
File: omslmsy.fd 2009/10/30 v1.6 Font defs for Latin Modern
)
LaTeX Font Info:    Trying to load font information for OMX+lmex on input line 
27.

(D:\PROGRAMY\miktex\tex/latex/lm\omxlmex.fd
File: omxlmex.fd 2009/10/30 v1.6 Font defs for Latin Modern
)
LaTeX Font Info:    External font `lmex10' loaded for size
(Font)              <12> on input line 27.
LaTeX Font Info:    External font `lmex10' loaded for size
(Font)              <8> on input line 27.
LaTeX Font Info:    External font `lmex10' loaded for size
(Font)              <6> on input line 27.
 [1


{C:/Users/Pawel1/AppData/Local/MiKTeX/2.9/pdftex/config/pdftex.map}] (ProjektSp
rawozdanie.toc
LaTeX Font Info:    External font `lmex10' loaded for size
(Font)              <10.95> on input line 4.
)
\tf@toc=\write4
\openout4 = `ProjektSprawozdanie.toc'.

 [1]
LaTeX Font Info:    Trying to load font information for OMS+lmr on input line 4
0.

(D:\PROGRAMY\miktex\tex/latex/lm\omslmr.fd
File: omslmr.fd 2009/10/30 v1.6 Font defs for Latin Modern
)
LaTeX Font Info:    Font shape `OMS/lmr/m/n' in size <10.95> not available
(Font)              Font shape `OMS/lmsy/m/n' tried instead on input line 40.
<./images/MNIST.png, id=17, 282.05376pt x 179.67125pt>
File: ./images/MNIST.png Graphic file (type png)
<use ./images/MNIST.png>
Package pdftex.def Info: ./images/MNIST.png  used on input line 48.
(pdftex.def)             Requested size: 282.05305pt x 179.67079pt.
<./images/cifar10.png, id=18, 494.84875pt x 375.4025pt>
File: ./images/cifar10.png Graphic file (type png)
<use ./images/cifar10.png>
Package pdftex.def Info: ./images/cifar10.png  used on input line 52.
(pdftex.def)             Requested size: 494.84755pt x 375.40158pt.

Overfull \hbox (39.60344pt too wide) in paragraph at lines 51--53
[] 
 []

[2 <./images/MNIST.png (PNG copy)>] [3 <./images/cifar10.png>] [4] [5] [6]
Underfull \hbox (badness 10000) in paragraph at lines 136--137

 []

<./images/modelMnist.png, id=38, 477.785pt x 376.40625pt>
File: ./images/modelMnist.png Graphic file (type png)
<use ./images/modelMnist.png>
Package pdftex.def Info: ./images/modelMnist.png  used on input line 143.
(pdftex.def)             Requested size: 427.86905pt x 337.07964pt.
<./images/mnist-graph.png, id=39, 941.01563pt x 941.01563pt>
File: ./images/mnist-graph.png Graphic file (type png)
<use ./images/mnist-graph.png>
Package pdftex.def Info: ./images/mnist-graph.png  used on input line 147.
(pdftex.def)             Requested size: 427.86905pt x 427.86125pt.
[7 <./images/modelMnist.png>] [8 <./images/mnist-graph.png>]
<./images/modelCifar10.png, id=48, 530.98375pt x 552.0625pt>
File: ./images/modelCifar10.png Graphic file (type png)
<use ./images/modelCifar10.png>
Package pdftex.def Info: ./images/modelCifar10.png  used on input line 154.
(pdftex.def)             Requested size: 427.86905pt x 444.86005pt.
<./images/cifar10-graph.png, id=49, 999.735pt x 1340.00626pt>
File: ./images/cifar10-graph.png Graphic file (type png)
<use ./images/cifar10-graph.png>
Package pdftex.def Info: ./images/cifar10-graph.png  used on input line 158.
(pdftex.def)             Requested size: 427.86905pt x 573.49248pt.
 [9 <./images/modelCifar10.png>] [10 <./images/cifar10-graph.png>]
<./images/modelCifar100.png, id=58, 487.8225pt x 542.025pt>
File: ./images/modelCifar100.png Graphic file (type png)
<use ./images/modelCifar100.png>
Package pdftex.def Info: ./images/modelCifar100.png  used on input line 165.
(pdftex.def)             Requested size: 427.86905pt x 475.41205pt.
<./images/cifar100-graph.png, id=59, 1002.74625pt x 1343.0175pt>
File: ./images/cifar100-graph.png Graphic file (type png)
<use ./images/cifar100-graph.png>
Package pdftex.def Info: ./images/cifar100-graph.png  used on input line 169.
(pdftex.def)             Requested size: 427.86905pt x 573.05984pt.
 [11 <./images/modelCifar100.png>] [12 <./images/cifar100-graph.png>]
<./images/modelLetter.png, id=69, 503.8825pt x 306.14375pt>
File: ./images/modelLetter.png Graphic file (type png)
<use ./images/modelLetter.png>
Package pdftex.def Info: ./images/modelLetter.png  used on input line 176.
(pdftex.def)             Requested size: 427.86905pt x 259.9618pt.
<./images/letter-recognition-graph.png, id=70, 1478.52374pt x 927.465pt>
File: ./images/letter-recognition-graph.png Graphic file (type png)
<use ./images/letter-recognition-graph.png>
Package pdftex.def Info: ./images/letter-recognition-graph.png  used on input l
ine 180.
(pdftex.def)             Requested size: 427.86905pt x 268.39188pt.
 [13 <./images/modelLetter.png> <./images/letter-recognition-graph.png>] [14] [
15] [16]
Missing character: There is no ; in font nullfont!
Missing character: There is no ; in font nullfont!
Missing character: There is no ; in font nullfont!
Missing character: There is no ; in font nullfont!
Missing character: There is no ; in font nullfont!
Missing character: There is no ; in font nullfont!
Missing character: There is no ; in font nullfont!
Missing character: There is no ; in font nullfont!
Missing character: There is no ; in font nullfont!
Missing character: There is no ; in font nullfont!
Missing character: There is no ; in font nullfont!
Missing character: There is no ; in font nullfont!
 [17]
Missing character: There is no ; in font nullfont!
Missing character: There is no ; in font nullfont!
Missing character: There is no ; in font nullfont!
Missing character: There is no ; in font nullfont!
Missing character: There is no ; in font nullfont!
Missing character: There is no ; in font nullfont!
Missing character: There is no ; in font nullfont!
Missing character: There is no ; in font nullfont!
Missing character: There is no ; in font nullfont!
Missing character: There is no ; in font nullfont!
Missing character: There is no ; in font nullfont!
Missing character: There is no ; in font nullfont!
 [18]
Missing character: There is no ; in font nullfont!
Missing character: There is no ; in font nullfont!
Missing character: There is no ; in font nullfont!
Missing character: There is no ; in font nullfont!
Missing character: There is no ; in font nullfont!
Missing character: There is no ; in font nullfont!
Missing character: There is no ; in font nullfont!
Missing character: There is no ; in font nullfont!
Missing character: There is no ; in font nullfont!
Missing character: There is no ; in font nullfont!
Missing character: There is no ; in font nullfont!
Missing character: There is no ; in font nullfont!
 [19] [20]
(ProjektSprawozdanie.aux) ) 
Here is how much of TeX's memory you used:
 24941 strings out of 492452
 622428 string characters out of 3134012
 808609 words of memory out of 3000000
 28875 multiletter control sequences out of 15000+200000
 47593 words of font info for 38 fonts, out of 3000000 for 9000
 1141 hyphenation exceptions out of 8191
 68i,17n,98p,1123b,2192s stack positions out of 5000i,500n,10000p,200000b,50000s
{D:/PROGRAMY/miktex/fonts/enc/dvips/lm/lm-rm.enc}{D:
/PROGRAMY/miktex/fonts/enc/dvips/lm/lm-mathit.enc}{D:/PROGRAMY/miktex/fonts/enc
/dvips/lm/lm-mathsy.enc}{D:/PROGRAMY/miktex/fonts/enc/dvips/lm/lm-ec.enc}<D:/PR
OGRAMY/miktex/fonts/type1/public/lm/lmbx10.pfb><D:/PROGRAMY/miktex/fonts/type1/
public/lm/lmbx12.pfb><D:/PROGRAMY/miktex/fonts/type1/public/lm/lmmi10.pfb><D:/P
ROGRAMY/miktex/fonts/type1/public/lm/lmr10.pfb><D:/PROGRAMY/miktex/fonts/type1/
public/lm/lmr12.pfb><D:/PROGRAMY/miktex/fonts/type1/public/lm/lmr17.pfb><D:/PRO
GRAMY/miktex/fonts/type1/public/lm/lmr8.pfb><D:/PROGRAMY/miktex/fonts/type1/pub
lic/lm/lmri12.pfb><D:/PROGRAMY/miktex/fonts/type1/public/lm/lmsy10.pfb>
Output written on ProjektSprawozdanie.pdf (21 pages, 972187 bytes).
PDF statistics:
 135 PDF objects out of 1000 (max. 8388607)
 0 named destinations out of 1000 (max. 500000)
 63 words of extra memory for PDF output out of 10000 (max. 10000000)

